dataset: cifar10 model_name: vgg16 attack_method: fgsm eps: 0.00392156862745098
0.359375 {'L0': 0.9944814443588257, 'L1': 0.003899927018210292, 'L2': 8.819776667223778e-06, 'L_inf': 0.003921598196029663, 'Z': 0.0}

dataset: cifar10 model_name: vgg16 attack_method: fgsm eps: 0.00784313725490196
0.453125 {'L0': 0.9944814443588257, 'L1': 0.0077920351177453995, 'L2': 1.7626285625738092e-05, 'L_inf': 0.007843166589736938, 'Z': 0.0}

dataset: cifar10 model_name: vgg16 attack_method: fgsm eps: 0.01568627450980392
0.5 {'L0': 0.9944814443588257, 'L1': 0.01555668469518423, 'L2': 3.521104372339323e-05, 'L_inf': 0.01568630337715149, 'Z': 0.0}

dataset: cifar10 model_name: vgg16 attack_method: fgsm eps: 0.03137254901960784
0.5625 {'L0': 0.9944814443588257, 'L1': 0.03101094625890255, 'L2': 7.026678213151172e-05, 'L_inf': 0.03137257695198059, 'Z': 0.0}

dataset: cifar10 model_name: vgg16 attack_method: fgsm eps: 0.06274509803921569
0.640625 {'L0': 0.9944814443588257, 'L1': 0.06157024949789047, 'L2': 0.00013984134420752525, 'L_inf': 0.0627451241016388, 'Z': 0.0}

dataset: cifar10 model_name: vgg16 attack_method: deepfool eps: 0.00392156862745098
0.90625 {'L0': 0.0, 'L1': 0.0, 'L2': 0.0, 'L_inf': 1.1754943508222875e-38, 'Z': 0.0}

dataset: cifar10 model_name: vgg16 attack_method: deepfool eps: 0.00784313725490196
0.90625 {'L0': 0.0, 'L1': 0.0, 'L2': 0.0, 'L_inf': 1.1754943508222875e-38, 'Z': 0.0}

dataset: cifar10 model_name: vgg16 attack_method: deepfool eps: 0.01568627450980392
0.90625 {'L0': 0.0, 'L1': 0.0, 'L2': 0.0, 'L_inf': 1.1754943508222875e-38, 'Z': 0.0}

dataset: cifar10 model_name: vgg16 attack_method: deepfool eps: 0.03137254901960784
0.90625 {'L0': 0.0, 'L1': 0.0, 'L2': 0.0, 'L_inf': 1.1754943508222875e-38, 'Z': 0.0}

dataset: cifar10 model_name: vgg16 attack_method: deepfool eps: 0.06274509803921569
0.90625 {'L0': 0.0, 'L1': 0.0, 'L2': 0.0, 'L_inf': 1.1754943508222875e-38, 'Z': 0.0}

dataset: cifar10 model_name: vgg16 attack_method: bim eps: 0.00392156862745098
0.5625 {'L0': 0.9958089590072632, 'L1': 0.004848740994930267, 'L2': 1.2066905583196785e-05, 'L_inf': 0.006862848997116089, 'Z': 0.0}

dataset: cifar10 model_name: vgg16 attack_method: bim eps: 0.00784313725490196
0.6875 {'L0': 0.9957784414291382, 'L1': 0.00792605895549059, 'L2': 2.0629275240935385e-05, 'L_inf': 0.013725697994232178, 'Z': 0.0}

dataset: cifar10 model_name: vgg16 attack_method: bim eps: 0.01568627450980392
0.875 {'L0': 0.9958750605583191, 'L1': 0.012583794072270393, 'L2': 3.393466249690391e-05, 'L_inf': 0.027451008558273315, 'Z': 0.0}

dataset: cifar10 model_name: vgg16 attack_method: bim eps: 0.03137254901960784
0.984375 {'L0': 0.9960225820541382, 'L1': 0.01994435489177704, 'L2': 5.4706641094526276e-05, 'L_inf': 0.05490198731422424, 'Z': 0.0}

dataset: cifar10 model_name: vgg16 attack_method: bim eps: 0.06274509803921569
1.0 {'L0': 0.9958547353744507, 'L1': 0.035153280943632126, 'L2': 9.649073763284832e-05, 'L_inf': 0.1098039448261261, 'Z': 0.0}

dataset: cifar10 model_name: vgg16 attack_method: cw eps: 0.00392156862745098
0.96875 {'L0': 0.9478098750114441, 'L1': 0.007245171815156937, 'L2': 2.897148806368932e-05, 'L_inf': 0.1262340247631073, 'Z': 0.0}

dataset: cifar10 model_name: vgg16 attack_method: cw eps: 0.00784313725490196
1.0 {'L0': 0.9478912353515625, 'L1': 0.007363524287939072, 'L2': 2.9235976398922503e-05, 'L_inf': 0.12650933861732483, 'Z': 0.0}

dataset: cifar10 model_name: vgg16 attack_method: cw eps: 0.01568627450980392
1.0 {'L0': 0.9478403925895691, 'L1': 0.007466902956366539, 'L2': 2.9437525881803595e-05, 'L_inf': 0.12650936841964722, 'Z': 0.0}

dataset: cifar10 model_name: vgg16 attack_method: cw eps: 0.03137254901960784
1.0 {'L0': 0.9479014277458191, 'L1': 0.007324310019612312, 'L2': 2.9223183446447365e-05, 'L_inf': 0.12650933861732483, 'Z': 0.0}

dataset: cifar10 model_name: vgg16 attack_method: cw eps: 0.06274509803921569
1.0 {'L0': 0.9479116201400757, 'L1': 0.007382699754089117, 'L2': 2.934191252279561e-05, 'L_inf': 0.12650933861732483, 'Z': 0.0}

dataset: cifar10 model_name: vgg16 attack_method: rfgsm eps: 0.00392156862745098
0.21875 {'L0': 0.5025278925895691, 'L1': 0.0019631218165159225, 'L2': 6.253155333979521e-06, 'L_inf': 0.003921627998352051, 'Z': 0.0}

dataset: cifar10 model_name: vgg16 attack_method: rfgsm eps: 0.00784313725490196
0.375 {'L0': 0.5055999755859375, 'L1': 0.003906309604644775, 'L2': 1.247070304088993e-05, 'L_inf': 0.007843166589736938, 'Z': 0.0}

dataset: cifar10 model_name: vgg16 attack_method: rfgsm eps: 0.01568627450980392
0.46875 {'L0': 0.5096842646598816, 'L1': 0.0077704135328531265, 'L2': 2.486171251803171e-05, 'L_inf': 0.01568630337715149, 'Z': 0.0}

dataset: cifar10 model_name: vgg16 attack_method: rfgsm eps: 0.03137254901960784
0.546875 {'L0': 0.5230611562728882, 'L1': 0.015575873665511608, 'L2': 4.973489194526337e-05, 'L_inf': 0.03137257695198059, 'Z': 0.0}

dataset: cifar10 model_name: vgg16 attack_method: rfgsm eps: 0.06274509803921569
0.65625 {'L0': 0.5505523681640625, 'L1': 0.031346339732408524, 'L2': 9.960620081983507e-05, 'L_inf': 0.0627451241016388, 'Z': 0.0}

dataset: cifar10 model_name: vgg16 attack_method: pgd eps: 0.00392156862745098
0.4375 {'L0': 0.9954783320426941, 'L1': 0.003317542839795351, 'L2': 7.857745004002936e-06, 'L_inf': 0.003921598196029663, 'Z': 0.0}

dataset: cifar10 model_name: vgg16 attack_method: pgd eps: 0.00784313725490196
0.625 {'L0': 0.995635986328125, 'L1': 0.005940710660070181, 'L2': 1.4463322258961853e-05, 'L_inf': 0.007843166589736938, 'Z': 0.0}

dataset: cifar10 model_name: vgg16 attack_method: pgd eps: 0.01568627450980392
0.84375 {'L0': 0.9957377314567566, 'L1': 0.010250076651573181, 'L2': 2.572459925431758e-05, 'L_inf': 0.01568630337715149, 'Z': 0.0}

dataset: cifar10 model_name: vgg16 attack_method: pgd eps: 0.03137254901960784
0.984375 {'L0': 0.9960225820541382, 'L1': 0.017520539462566376, 'L2': 4.507471021497622e-05, 'L_inf': 0.03137257695198059, 'Z': 0.0}

dataset: cifar10 model_name: vgg16 attack_method: pgd eps: 0.06274509803921569
1.0 {'L0': 0.9957224726676941, 'L1': 0.03198760747909546, 'L2': 8.325904491357505e-05, 'L_inf': 0.0627451241016388, 'Z': 0.0}

dataset: cifar10 model_name: vgg16 attack_method: ffgsm eps: 0.00392156862745098
0.328125 {'L0': 0.9943898916244507, 'L1': 0.0036559998989105225, 'L2': 8.347689799848013e-06, 'L_inf': 0.003921598196029663, 'Z': 0.0}

dataset: cifar10 model_name: vgg16 attack_method: ffgsm eps: 0.00784313725490196
0.453125 {'L0': 0.9946136474609375, 'L1': 0.0073095462284982204, 'L2': 1.6690948541508988e-05, 'L_inf': 0.007843166589736938, 'Z': 0.0}

dataset: cifar10 model_name: vgg16 attack_method: ffgsm eps: 0.01568627450980392
0.53125 {'L0': 0.9945017695426941, 'L1': 0.01458271499723196, 'L2': 3.3322103263344616e-05, 'L_inf': 0.01568630337715149, 'Z': 0.0}

dataset: cifar10 model_name: vgg16 attack_method: ffgsm eps: 0.03137254901960784
0.578125 {'L0': 0.9943898916244507, 'L1': 0.02910538576543331, 'L2': 6.656826008111238e-05, 'L_inf': 0.03137257695198059, 'Z': 0.0}

dataset: cifar10 model_name: vgg16 attack_method: ffgsm eps: 0.06274509803921569
0.78125 {'L0': 0.9943288564682007, 'L1': 0.05792482942342758, 'L2': 0.00013274390948936343, 'L_inf': 0.0627451241016388, 'Z': 0.0}

dataset: cifar10 model_name: vgg16 attack_method: tpgd eps: 0.00392156862745098
0.234375 {'L0': 0.9946187734603882, 'L1': 0.0032914113253355026, 'L2': 7.842625564080663e-06, 'L_inf': 0.003921598196029663, 'Z': 0.0}

dataset: cifar10 model_name: vgg16 attack_method: tpgd eps: 0.00784313725490196
0.25 {'L0': 0.9952799677848816, 'L1': 0.005772031378000975, 'L2': 1.4209263099473901e-05, 'L_inf': 0.007843166589736938, 'Z': 0.0}

dataset: cifar10 model_name: vgg16 attack_method: tpgd eps: 0.01568627450980392
0.46875 {'L0': 0.9956868886947632, 'L1': 0.009881338104605675, 'L2': 2.5029756216099486e-05, 'L_inf': 0.01568630337715149, 'Z': 0.0}

dataset: cifar10 model_name: vgg16 attack_method: tpgd eps: 0.03137254901960784
0.65625 {'L0': 0.9959462881088257, 'L1': 0.017051734030246735, 'L2': 4.411349073052406e-05, 'L_inf': 0.03137257695198059, 'Z': 0.0}

dataset: cifar10 model_name: vgg16 attack_method: tpgd eps: 0.06274509803921569
0.765625 {'L0': 0.995880126953125, 'L1': 0.031563714146614075, 'L2': 8.229913510149345e-05, 'L_inf': 0.0627451241016388, 'Z': 0.0}

dataset: cifar10 model_name: vgg16 attack_method: mifgsm eps: 0.00392156862745098
0.421875 {'L0': 0.9949849843978882, 'L1': 0.003425740171223879, 'L2': 8.0673344200477e-06, 'L_inf': 0.003921687602996826, 'Z': 0.0}

dataset: cifar10 model_name: vgg16 attack_method: mifgsm eps: 0.00784313725490196
0.578125 {'L0': 0.9953359365463257, 'L1': 0.006428712047636509, 'L2': 1.5395771697512828e-05, 'L_inf': 0.007843151688575745, 'Z': 0.0}

dataset: cifar10 model_name: vgg16 attack_method: mifgsm eps: 0.01568627450980392
0.71875 {'L0': 0.9953460693359375, 'L1': 0.011664162389934063, 'L2': 2.8656560971285217e-05, 'L_inf': 0.01568630337715149, 'Z': 0.0}

dataset: cifar10 model_name: vgg16 attack_method: mifgsm eps: 0.03137254901960784
0.859375 {'L0': 0.9952341914176941, 'L1': 0.021287769079208374, 'L2': 5.340455027180724e-05, 'L_inf': 0.03137260675430298, 'Z': 0.0}

dataset: cifar10 model_name: vgg16 attack_method: mifgsm eps: 0.06274509803921569
0.984375 {'L0': 0.9950408935546875, 'L1': 0.03857901319861412, 'L2': 9.871937800198793e-05, 'L_inf': 0.06274521350860596, 'Z': 0.0}

dataset: cifar10 model_name: vgg16 attack_method: multiattack eps: 0.00392156862745098
0.4375 {'L0': 0.4355265498161316, 'L1': 0.0014188892673701048, 'L2': 5.121294634591322e-06, 'L_inf': 0.003921598196029663, 'Z': 0.0}

dataset: cifar10 model_name: vgg16 attack_method: multiattack eps: 0.00784313725490196
0.625 {'L0': 0.6159820556640625, 'L1': 0.00364363519474864, 'L2': 1.1336312127241399e-05, 'L_inf': 0.007843166589736938, 'Z': 0.0}

dataset: cifar10 model_name: vgg16 attack_method: multiattack eps: 0.01568627450980392
0.859375 {'L0': 0.8394114375114441, 'L1': 0.008907278999686241, 'L2': 2.430155836918857e-05, 'L_inf': 0.01568630337715149, 'Z': 0.0}

dataset: cifar10 model_name: vgg16 attack_method: multiattack eps: 0.03137254901960784
0.984375 {'L0': 0.9662017822265625, 'L1': 0.01846601441502571, 'L2': 4.796609573531896e-05, 'L_inf': 0.03137257695198059, 'Z': 0.0}

dataset: cifar10 model_name: vgg16 attack_method: multiattack eps: 0.06274509803921569
1.0 {'L0': 0.9851786494255066, 'L1': 0.03526429459452629, 'L2': 9.182019130093977e-05, 'L_inf': 0.0627451241016388, 'Z': 0.0}

dataset: cifar10 model_name: vgg16 attack_method: zoo eps: 0.00392156862745098
0.25 {'L0': 0.008280436508357525, 'L1': 0.0008285513031296432, 'L2': 2.0629147911677137e-05, 'L_inf': 0.19999998807907104, 'Z': 0.0}

dataset: cifar10 model_name: vgg16 attack_method: zoo eps: 0.00784313725490196
0.203125 {'L0': 0.008143107406795025, 'L1': 0.0008143098093569279, 'L2': 2.0440173102542758e-05, 'L_inf': 0.19999998807907104, 'Z': 0.0}

dataset: cifar10 model_name: vgg16 attack_method: zoo eps: 0.01568627450980392
0.234375 {'L0': 0.0087127685546875, 'L1': 0.0008707671659067273, 'L2': 2.11554051929852e-05, 'L_inf': 0.19999995827674866, 'Z': 0.0}

dataset: cifar10 model_name: vgg16 attack_method: zoo eps: 0.03137254901960784
0.203125 {'L0': 0.00855000875890255, 'L1': 0.0008529652841389179, 'L2': 2.0866054910584353e-05, 'L_inf': 0.19999992847442627, 'Z': 0.0}

dataset: cifar10 model_name: vgg16 attack_method: zoo eps: 0.06274509803921569
0.25 {'L0': 0.008204142563045025, 'L1': 0.0008214304689317942, 'L2': 2.055376535281539e-05, 'L_inf': 0.19999998807907104, 'Z': 0.0}

dataset: cifar10 model_name: resnet50 attack_method: fgsm eps: 0.00392156862745098
0.328125 {'L0': 0.9941762685775757, 'L1': 0.003898730268701911, 'L2': 8.81842333910754e-06, 'L_inf': 0.003921598196029663, 'Z': 0.0}

dataset: cifar10 model_name: resnet50 attack_method: fgsm eps: 0.00784313725490196
0.4375 {'L0': 0.9941762685775757, 'L1': 0.007789422757923603, 'L2': 1.7623204257688485e-05, 'L_inf': 0.007843166589736938, 'Z': 0.0}

dataset: cifar10 model_name: resnet50 attack_method: fgsm eps: 0.01568627450980392
0.484375 {'L0': 0.9941762685775757, 'L1': 0.015552056953310966, 'L2': 3.52059505530633e-05, 'L_inf': 0.01568630337715149, 'Z': 0.0}

dataset: cifar10 model_name: resnet50 attack_method: fgsm eps: 0.03137254901960784
0.515625 {'L0': 0.9941762685775757, 'L1': 0.031003465875983238, 'L2': 7.025997911114246e-05, 'L_inf': 0.03137257695198059, 'Z': 0.0}

dataset: cifar10 model_name: resnet50 attack_method: fgsm eps: 0.06274509803921569
0.59375 {'L0': 0.9941762685775757, 'L1': 0.061553679406642914, 'L2': 0.0001398222375428304, 'L_inf': 0.0627451241016388, 'Z': 0.0}

dataset: cifar10 model_name: resnet50 attack_method: deepfool eps: 0.00392156862745098
0.9375 {'L0': 0.0, 'L1': 0.0, 'L2': 0.0, 'L_inf': 1.1754943508222875e-38, 'Z': 0.0}

dataset: cifar10 model_name: resnet50 attack_method: deepfool eps: 0.00784313725490196
0.9375 {'L0': 0.0, 'L1': 0.0, 'L2': 0.0, 'L_inf': 1.1754943508222875e-38, 'Z': 0.0}

dataset: cifar10 model_name: resnet50 attack_method: deepfool eps: 0.01568627450980392
0.9375 {'L0': 0.0, 'L1': 0.0, 'L2': 0.0, 'L_inf': 1.1754943508222875e-38, 'Z': 0.0}

dataset: cifar10 model_name: resnet50 attack_method: deepfool eps: 0.03137254901960784
0.9375 {'L0': 0.0, 'L1': 0.0, 'L2': 0.0, 'L_inf': 1.1754943508222875e-38, 'Z': 0.0}

dataset: cifar10 model_name: resnet50 attack_method: deepfool eps: 0.06274509803921569
0.9375 {'L0': 0.0, 'L1': 0.0, 'L2': 0.0, 'L_inf': 1.1754943508222875e-38, 'Z': 0.0}

dataset: cifar10 model_name: resnet50 attack_method: bim eps: 0.00392156862745098
0.515625 {'L0': 0.9953410029411316, 'L1': 0.00503622367978096, 'L2': 1.2437910299922805e-05, 'L_inf': 0.006862848997116089, 'Z': 0.0}

dataset: cifar10 model_name: resnet50 attack_method: bim eps: 0.00784313725490196
0.671875 {'L0': 0.9953460693359375, 'L1': 0.008610595017671585, 'L2': 2.2047195670893416e-05, 'L_inf': 0.013725697994232178, 'Z': 0.0}

dataset: cifar10 model_name: resnet50 attack_method: bim eps: 0.01568627450980392
0.8125 {'L0': 0.9954833984375, 'L1': 0.01374940574169159, 'L2': 3.666152406367473e-05, 'L_inf': 0.027451008558273315, 'Z': 0.0}

dataset: cifar10 model_name: resnet50 attack_method: bim eps: 0.03137254901960784
0.9375 {'L0': 0.99603271484375, 'L1': 0.021985819563269615, 'L2': 6.00340572418645e-05, 'L_inf': 0.05490198731422424, 'Z': 0.0}

dataset: cifar10 model_name: resnet50 attack_method: bim eps: 0.06274509803921569
1.0 {'L0': 0.9960530996322632, 'L1': 0.036932673305273056, 'L2': 0.00010143099643755704, 'L_inf': 0.1098039448261261, 'Z': 0.0}

dataset: cifar10 model_name: resnet50 attack_method: cw eps: 0.00392156862745098
0.984375 {'L0': 0.9476725459098816, 'L1': 0.008565204218029976, 'L2': 3.328191814944148e-05, 'L_inf': 0.17876660823822021, 'Z': 0.0}

dataset: cifar10 model_name: resnet50 attack_method: cw eps: 0.00784313725490196
1.0 {'L0': 0.9476420283317566, 'L1': 0.008419018238782883, 'L2': 3.3064869057852775e-05, 'L_inf': 0.17876660823822021, 'Z': 0.0}

dataset: cifar10 model_name: resnet50 attack_method: cw eps: 0.01568627450980392
0.984375 {'L0': 0.9476827383041382, 'L1': 0.008692918345332146, 'L2': 3.373710933374241e-05, 'L_inf': 0.17876660823822021, 'Z': 0.0}

dataset: cifar10 model_name: resnet50 attack_method: cw eps: 0.03137254901960784
0.984375 {'L0': 0.9476878046989441, 'L1': 0.008451133035123348, 'L2': 3.3115444239228964e-05, 'L_inf': 0.17876660823822021, 'Z': 0.0}

dataset: cifar10 model_name: resnet50 attack_method: cw eps: 0.06274509803921569
0.984375 {'L0': 0.9476572871208191, 'L1': 0.00861327163875103, 'L2': 3.3337179047521204e-05, 'L_inf': 0.17876660823822021, 'Z': 0.0}

dataset: cifar10 model_name: resnet50 attack_method: rfgsm eps: 0.00392156862745098
0.171875 {'L0': 0.4979960322380066, 'L1': 0.001945988042280078, 'L2': 6.226247933227569e-06, 'L_inf': 0.003921627998352051, 'Z': 0.0}

dataset: cifar10 model_name: resnet50 attack_method: rfgsm eps: 0.00784313725490196
0.28125 {'L0': 0.502227783203125, 'L1': 0.0038798414170742035, 'L2': 1.2428790796548128e-05, 'L_inf': 0.007843166589736938, 'Z': 0.0}

dataset: cifar10 model_name: resnet50 attack_method: rfgsm eps: 0.01568627450980392
0.453125 {'L0': 0.5126699209213257, 'L1': 0.007820258848369122, 'L2': 2.4942162781371735e-05, 'L_inf': 0.01568630337715149, 'Z': 0.0}

dataset: cifar10 model_name: resnet50 attack_method: rfgsm eps: 0.03137254901960784
0.53125 {'L0': 0.525726318359375, 'L1': 0.01564851589500904, 'L2': 4.985564373782836e-05, 'L_inf': 0.03137257695198059, 'Z': 0.0}

dataset: cifar10 model_name: resnet50 attack_method: rfgsm eps: 0.06274509803921569
0.578125 {'L0': 0.54779052734375, 'L1': 0.031191697344183922, 'L2': 9.935349225997925e-05, 'L_inf': 0.0627451241016388, 'Z': 0.0}

dataset: cifar10 model_name: resnet50 attack_method: pgd eps: 0.00392156862745098
0.375 {'L0': 0.9950917959213257, 'L1': 0.003362541552633047, 'L2': 7.938642738736235e-06, 'L_inf': 0.003921598196029663, 'Z': 0.0}

dataset: cifar10 model_name: resnet50 attack_method: pgd eps: 0.00784313725490196
0.609375 {'L0': 0.99505615234375, 'L1': 0.006194274872541428, 'L2': 1.4932567864889279e-05, 'L_inf': 0.007843166589736938, 'Z': 0.0}

dataset: cifar10 model_name: resnet50 attack_method: pgd eps: 0.01568627450980392
0.765625 {'L0': 0.9956512451171875, 'L1': 0.010816467925906181, 'L2': 2.6854067982640117e-05, 'L_inf': 0.01568630337715149, 'Z': 0.0}

dataset: cifar10 model_name: resnet50 attack_method: pgd eps: 0.03137254901960784
0.921875 {'L0': 0.9959920644760132, 'L1': 0.018708033487200737, 'L2': 4.769779843627475e-05, 'L_inf': 0.03137257695198059, 'Z': 0.0}

dataset: cifar10 model_name: resnet50 attack_method: pgd eps: 0.06274509803921569
1.0 {'L0': 0.996063232421875, 'L1': 0.03306020796298981, 'L2': 8.573534432798624e-05, 'L_inf': 0.0627451241016388, 'Z': 0.0}

dataset: cifar10 model_name: resnet50 attack_method: ffgsm eps: 0.00392156862745098
0.265625 {'L0': 0.9942678213119507, 'L1': 0.0036590646486729383, 'L2': 8.35412629385246e-06, 'L_inf': 0.003921598196029663, 'Z': 0.0}

dataset: cifar10 model_name: resnet50 attack_method: ffgsm eps: 0.00784313725490196
0.421875 {'L0': 0.9942678213119507, 'L1': 0.007307968568056822, 'L2': 1.668986806180328e-05, 'L_inf': 0.007843166589736938, 'Z': 0.0}

dataset: cifar10 model_name: resnet50 attack_method: ffgsm eps: 0.01568627450980392
0.5 {'L0': 0.9943186640739441, 'L1': 0.014587871730327606, 'L2': 3.333514541736804e-05, 'L_inf': 0.01568630337715149, 'Z': 0.0}

dataset: cifar10 model_name: resnet50 attack_method: ffgsm eps: 0.03137254901960784
0.546875 {'L0': 0.99432373046875, 'L1': 0.02910587191581726, 'L2': 6.657013727817684e-05, 'L_inf': 0.03137257695198059, 'Z': 0.0}

dataset: cifar10 model_name: resnet50 attack_method: ffgsm eps: 0.06274509803921569
0.6875 {'L0': 0.9944915771484375, 'L1': 0.057901203632354736, 'L2': 0.00013269091141410172, 'L_inf': 0.0627451241016388, 'Z': 0.0}

dataset: cifar10 model_name: resnet50 attack_method: tpgd eps: 0.00392156862745098
0.171875 {'L0': 0.9946950674057007, 'L1': 0.0033670421689748764, 'L2': 7.973050742293708e-06, 'L_inf': 0.003921598196029663, 'Z': 0.0}

dataset: cifar10 model_name: resnet50 attack_method: tpgd eps: 0.00784313725490196
0.375 {'L0': 0.9948629140853882, 'L1': 0.006271108519285917, 'L2': 1.5118124792934395e-05, 'L_inf': 0.007843166589736938, 'Z': 0.0}

dataset: cifar10 model_name: resnet50 attack_method: tpgd eps: 0.01568627450980392
0.46875 {'L0': 0.9955343008041382, 'L1': 0.01076602004468441, 'L2': 2.6802748834597878e-05, 'L_inf': 0.01568630337715149, 'Z': 0.0}

dataset: cifar10 model_name: resnet50 attack_method: tpgd eps: 0.03137254901960784
0.640625 {'L0': 0.9958648681640625, 'L1': 0.01858612895011902, 'L2': 4.7445224481634796e-05, 'L_inf': 0.03137257695198059, 'Z': 0.0}

dataset: cifar10 model_name: resnet50 attack_method: tpgd eps: 0.06274509803921569
0.75 {'L0': 0.9959462881088257, 'L1': 0.0331084243953228, 'L2': 8.586843614466488e-05, 'L_inf': 0.0627451241016388, 'Z': 0.0}

dataset: cifar10 model_name: resnet50 attack_method: mifgsm eps: 0.00392156862745098
0.34375 {'L0': 0.9945780634880066, 'L1': 0.003469905350357294, 'L2': 8.149827408487909e-06, 'L_inf': 0.003921687602996826, 'Z': 0.0}

dataset: cifar10 model_name: resnet50 attack_method: mifgsm eps: 0.00784313725490196
0.515625 {'L0': 0.9945119619369507, 'L1': 0.006585539318621159, 'L2': 1.5684992831666023e-05, 'L_inf': 0.007843151688575745, 'Z': 0.0}

dataset: cifar10 model_name: resnet50 attack_method: mifgsm eps: 0.01568627450980392
0.65625 {'L0': 0.9946340322494507, 'L1': 0.012205438688397408, 'L2': 2.967862928926479e-05, 'L_inf': 0.01568630337715149, 'Z': 0.0}

dataset: cifar10 model_name: resnet50 attack_method: mifgsm eps: 0.03137254901960784
0.8125 {'L0': 0.9948272705078125, 'L1': 0.022111009806394577, 'L2': 5.511959534487687e-05, 'L_inf': 0.03137260675430298, 'Z': 0.0}

dataset: cifar10 model_name: resnet50 attack_method: mifgsm eps: 0.06274509803921569
0.9375 {'L0': 0.9952291250228882, 'L1': 0.04041948541998863, 'L2': 0.00010233843204332516, 'L_inf': 0.06274521350860596, 'Z': 0.0}

dataset: cifar10 model_name: resnet50 attack_method: multiattack eps: 0.00392156862745098
0.375 {'L0': 0.3709004819393158, 'L1': 0.0012162188068032265, 'L2': 4.746186277770903e-06, 'L_inf': 0.003921598196029663, 'Z': 0.0}

dataset: cifar10 model_name: resnet50 attack_method: multiattack eps: 0.00784313725490196
0.59375 {'L0': 0.5839793086051941, 'L1': 0.0035671857185661793, 'L2': 1.1314785297145136e-05, 'L_inf': 0.007843166589736938, 'Z': 0.0}

dataset: cifar10 model_name: resnet50 attack_method: multiattack eps: 0.01568627450980392
0.765625 {'L0': 0.7463175654411316, 'L1': 0.008232267573475838, 'L2': 2.36060623137746e-05, 'L_inf': 0.01568630337715149, 'Z': 0.0}

dataset: cifar10 model_name: resnet50 attack_method: multiattack eps: 0.03137254901960784
0.96875 {'L0': 0.947052001953125, 'L1': 0.018742995336651802, 'L2': 4.881883432972245e-05, 'L_inf': 0.03137257695198059, 'Z': 0.0}

dataset: cifar10 model_name: resnet50 attack_method: multiattack eps: 0.06274509803921569
1.0 {'L0': 0.9827880859375, 'L1': 0.03613828867673874, 'L2': 9.383582801092416e-05, 'L_inf': 0.0627451241016388, 'Z': 0.0}

dataset: cifar10 model_name: resnet50 attack_method: zoo eps: 0.00392156862745098
0.1875 {'L0': 0.006006876938045025, 'L1': 0.0005996696418151259, 'L2': 1.753836841089651e-05, 'L_inf': 0.19999994337558746, 'Z': 0.0}

dataset: cifar10 model_name: resnet50 attack_method: zoo eps: 0.00784313725490196
0.171875 {'L0': 0.0065053305588662624, 'L1': 0.0006505322526209056, 'L2': 1.8275168258696795e-05, 'L_inf': 0.19999994337558746, 'Z': 0.0}

dataset: cifar10 model_name: resnet50 attack_method: zoo eps: 0.01568627450980392
0.203125 {'L0': 0.0063934326171875, 'L1': 0.0006373079377226532, 'L2': 1.8047252524411306e-05, 'L_inf': 0.19999974966049194, 'Z': 0.0}

dataset: cifar10 model_name: resnet50 attack_method: zoo eps: 0.03137254901960784
0.203125 {'L0': 0.00604248046875, 'L1': 0.0006022127927280962, 'L2': 1.7545742593938485e-05, 'L_inf': 0.1999998390674591, 'Z': 0.0}

dataset: cifar10 model_name: resnet50 attack_method: zoo eps: 0.06274509803921569
0.203125 {'L0': 0.0059661865234375, 'L1': 0.0005961092538200319, 'L2': 1.7486665456090122e-05, 'L_inf': 0.19999998807907104, 'Z': 0.0}

dataset: cifar10 model_name: inception_v3 attack_method: fgsm eps: 0.00392156862745098
0.328125 {'L0': 0.994659423828125, 'L1': 0.00390062527731061, 'L2': 8.820565199130215e-06, 'L_inf': 0.003921598196029663, 'Z': 0.0}

dataset: cifar10 model_name: inception_v3 attack_method: fgsm eps: 0.00784313725490196
0.40625 {'L0': 0.994659423828125, 'L1': 0.007792014628648758, 'L2': 1.7625461623538285e-05, 'L_inf': 0.007843166589736938, 'Z': 0.0}

dataset: cifar10 model_name: inception_v3 attack_method: fgsm eps: 0.01568627450980392
0.4375 {'L0': 0.994659423828125, 'L1': 0.015554788522422314, 'L2': 3.520745667628944e-05, 'L_inf': 0.01568630337715149, 'Z': 0.0}

dataset: cifar10 model_name: inception_v3 attack_method: fgsm eps: 0.03137254901960784
0.515625 {'L0': 0.994659423828125, 'L1': 0.03100506030023098, 'L2': 7.025836384855211e-05, 'L_inf': 0.03137257695198059, 'Z': 0.0}

dataset: cifar10 model_name: inception_v3 attack_method: fgsm eps: 0.06274509803921569
0.6875 {'L0': 0.994659423828125, 'L1': 0.06154785305261612, 'L2': 0.00013980717631056905, 'L_inf': 0.0627451241016388, 'Z': 0.0}

dataset: cifar10 model_name: inception_v3 attack_method: deepfool eps: 0.00392156862745098
0.890625 {'L0': 0.0, 'L1': 0.0, 'L2': 0.0, 'L_inf': 1.1754943508222875e-38, 'Z': 0.0}

dataset: cifar10 model_name: inception_v3 attack_method: deepfool eps: 0.00784313725490196
0.890625 {'L0': 0.0, 'L1': 0.0, 'L2': 0.0, 'L_inf': 1.1754943508222875e-38, 'Z': 0.0}

dataset: cifar10 model_name: inception_v3 attack_method: deepfool eps: 0.01568627450980392
0.890625 {'L0': 0.0, 'L1': 0.0, 'L2': 0.0, 'L_inf': 1.1754943508222875e-38, 'Z': 0.0}

dataset: cifar10 model_name: inception_v3 attack_method: deepfool eps: 0.03137254901960784
0.890625 {'L0': 0.0, 'L1': 0.0, 'L2': 0.0, 'L_inf': 1.1754943508222875e-38, 'Z': 0.0}

dataset: cifar10 model_name: inception_v3 attack_method: deepfool eps: 0.06274509803921569
0.890625 {'L0': 0.0, 'L1': 0.0, 'L2': 0.0, 'L_inf': 1.1754943508222875e-38, 'Z': 0.0}

dataset: cifar10 model_name: inception_v3 attack_method: bim eps: 0.00392156862745098
0.515625 {'L0': 0.9962514638900757, 'L1': 0.004364660009741783, 'L2': 1.1135918612126261e-05, 'L_inf': 0.006862848997116089, 'Z': 0.0}

dataset: cifar10 model_name: inception_v3 attack_method: bim eps: 0.00784313725490196
0.671875 {'L0': 0.9967193603515625, 'L1': 0.006756349466741085, 'L2': 1.817580050555989e-05, 'L_inf': 0.013725697994232178, 'Z': 0.0}

dataset: cifar10 model_name: inception_v3 attack_method: bim eps: 0.01568627450980392
0.78125 {'L0': 0.9962717890739441, 'L1': 0.010587066411972046, 'L2': 2.908069836848881e-05, 'L_inf': 0.027451008558273315, 'Z': 0.0}

dataset: cifar10 model_name: inception_v3 attack_method: bim eps: 0.03137254901960784
0.828125 {'L0': 0.9966024160385132, 'L1': 0.018065229058265686, 'L2': 4.9767520977184176e-05, 'L_inf': 0.05490198731422424, 'Z': 0.0}

dataset: cifar10 model_name: inception_v3 attack_method: bim eps: 0.06274509803921569
0.90625 {'L0': 0.9961446523666382, 'L1': 0.034121863543987274, 'L2': 9.352486813440919e-05, 'L_inf': 0.1098039448261261, 'Z': 0.0}

dataset: cifar10 model_name: inception_v3 attack_method: cw eps: 0.00392156862745098
0.984375 {'L0': 0.9599813222885132, 'L1': 0.0066368915140628815, 'L2': 2.8760892746504396e-05, 'L_inf': 0.11145656555891037, 'Z': 0.0}

dataset: cifar10 model_name: inception_v3 attack_method: cw eps: 0.00784313725490196
0.96875 {'L0': 0.9455413818359375, 'L1': 0.006653656251728535, 'L2': 2.8780392312910408e-05, 'L_inf': 0.10151559114456177, 'Z': 0.0}

dataset: cifar10 model_name: inception_v3 attack_method: cw eps: 0.01568627450980392
0.984375 {'L0': 0.9455668330192566, 'L1': 0.006935182958841324, 'L2': 2.948219480458647e-05, 'L_inf': 0.10084465146064758, 'Z': 0.0}

dataset: cifar10 model_name: inception_v3 attack_method: cw eps: 0.03137254901960784
0.984375 {'L0': 0.9455770254135132, 'L1': 0.006757707800716162, 'L2': 2.9109905881341547e-05, 'L_inf': 0.10099154710769653, 'Z': 0.0}

dataset: cifar10 model_name: inception_v3 attack_method: cw eps: 0.06274509803921569
1.0 {'L0': 0.960052490234375, 'L1': 0.006853550672531128, 'L2': 2.9231072403490543e-05, 'L_inf': 0.10962777584791183, 'Z': 0.0}

dataset: cifar10 model_name: inception_v3 attack_method: rfgsm eps: 0.00392156862745098
0.265625 {'L0': 0.499237060546875, 'L1': 0.0019499771296977997, 'L2': 6.232251962501323e-06, 'L_inf': 0.003921627998352051, 'Z': 0.0}

dataset: cifar10 model_name: inception_v3 attack_method: rfgsm eps: 0.00784313725490196
0.359375 {'L0': 0.5075327754020691, 'L1': 0.003918935544788837, 'L2': 1.2490960216382518e-05, 'L_inf': 0.007843166589736938, 'Z': 0.0}

dataset: cifar10 model_name: inception_v3 attack_method: rfgsm eps: 0.01568627450980392
0.421875 {'L0': 0.5104116201400757, 'L1': 0.007784595247358084, 'L2': 2.4885281163733453e-05, 'L_inf': 0.01568630337715149, 'Z': 0.0}

dataset: cifar10 model_name: inception_v3 attack_method: rfgsm eps: 0.03137254901960784
0.453125 {'L0': 0.5184733271598816, 'L1': 0.015421070158481598, 'L2': 4.948834975948557e-05, 'L_inf': 0.03137257695198059, 'Z': 0.0}

dataset: cifar10 model_name: inception_v3 attack_method: rfgsm eps: 0.06274509803921569
0.71875 {'L0': 0.5502523183822632, 'L1': 0.03130054101347923, 'L2': 9.953273547580466e-05, 'L_inf': 0.0627451241016388, 'Z': 0.0}

dataset: cifar10 model_name: inception_v3 attack_method: pgd eps: 0.00392156862745098
0.4375 {'L0': 0.9952392578125, 'L1': 0.0031466735526919365, 'L2': 7.548889243480517e-06, 'L_inf': 0.003921598196029663, 'Z': 0.0}

dataset: cifar10 model_name: inception_v3 attack_method: pgd eps: 0.00784313725490196
0.59375 {'L0': 0.9963430166244507, 'L1': 0.005342200398445129, 'L2': 1.3324059182195924e-05, 'L_inf': 0.007843166589736938, 'Z': 0.0}

dataset: cifar10 model_name: inception_v3 attack_method: pgd eps: 0.01568627450980392
0.734375 {'L0': 0.9960734248161316, 'L1': 0.009061047807335854, 'L2': 2.322012369404547e-05, 'L_inf': 0.01568630337715149, 'Z': 0.0}

dataset: cifar10 model_name: inception_v3 attack_method: pgd eps: 0.03137254901960784
0.828125 {'L0': 0.9965972900390625, 'L1': 0.016226574778556824, 'L2': 4.2189727537333965e-05, 'L_inf': 0.03137257695198059, 'Z': 0.0}

dataset: cifar10 model_name: inception_v3 attack_method: pgd eps: 0.06274509803921569
0.921875 {'L0': 0.9958598017692566, 'L1': 0.031188827008008957, 'L2': 8.131231879815459e-05, 'L_inf': 0.0627451241016388, 'Z': 0.0}

dataset: cifar10 model_name: inception_v3 attack_method: ffgsm eps: 0.00392156862745098
0.34375 {'L0': 0.994537353515625, 'L1': 0.0036589752417057753, 'L2': 8.35283390188124e-06, 'L_inf': 0.003921598196029663, 'Z': 0.0}

dataset: cifar10 model_name: inception_v3 attack_method: ffgsm eps: 0.00784313725490196
0.40625 {'L0': 0.994476318359375, 'L1': 0.007306925021111965, 'L2': 1.668646655161865e-05, 'L_inf': 0.007843166589736938, 'Z': 0.0}

dataset: cifar10 model_name: inception_v3 attack_method: ffgsm eps: 0.01568627450980392
0.453125 {'L0': 0.994415283203125, 'L1': 0.014584503136575222, 'L2': 3.332717824378051e-05, 'L_inf': 0.01568630337715149, 'Z': 0.0}

dataset: cifar10 model_name: inception_v3 attack_method: ffgsm eps: 0.03137254901960784
0.515625 {'L0': 0.9944712519645691, 'L1': 0.029065925627946854, 'L2': 6.649014540016651e-05, 'L_inf': 0.03137257695198059, 'Z': 0.0}

dataset: cifar10 model_name: inception_v3 attack_method: ffgsm eps: 0.06274509803921569
0.703125 {'L0': 0.9942728877067566, 'L1': 0.05787980556488037, 'L2': 0.00013265367306303233, 'L_inf': 0.0627451241016388, 'Z': 0.0}

dataset: cifar10 model_name: inception_v3 attack_method: tpgd eps: 0.00392156862745098
0.28125 {'L0': 0.9949900507926941, 'L1': 0.0030472734943032265, 'L2': 7.413952971546678e-06, 'L_inf': 0.003921598196029663, 'Z': 0.0}

dataset: cifar10 model_name: inception_v3 attack_method: tpgd eps: 0.00784313725490196
0.4375 {'L0': 0.9960123896598816, 'L1': 0.005160977132618427, 'L2': 1.3048364053247496e-05, 'L_inf': 0.007843166589736938, 'Z': 0.0}

dataset: cifar10 model_name: inception_v3 attack_method: tpgd eps: 0.01568627450980392
0.71875 {'L0': 0.99627685546875, 'L1': 0.008702387101948261, 'L2': 2.249491080874577e-05, 'L_inf': 0.01568630337715149, 'Z': 0.0}

dataset: cifar10 model_name: inception_v3 attack_method: tpgd eps: 0.03137254901960784
0.828125 {'L0': 0.9962260127067566, 'L1': 0.01604505255818367, 'L2': 4.17292867496144e-05, 'L_inf': 0.03137257695198059, 'Z': 0.0}

dataset: cifar10 model_name: inception_v3 attack_method: tpgd eps: 0.06274509803921569
0.953125 {'L0': 0.996368408203125, 'L1': 0.031145771965384483, 'L2': 8.120518759824336e-05, 'L_inf': 0.0627451241016388, 'Z': 0.0}

dataset: cifar10 model_name: inception_v3 attack_method: mifgsm eps: 0.00392156862745098
0.40625 {'L0': 0.9950765371322632, 'L1': 0.003432437777519226, 'L2': 8.080864972725976e-06, 'L_inf': 0.003921687602996826, 'Z': 0.0}

dataset: cifar10 model_name: inception_v3 attack_method: mifgsm eps: 0.00784313725490196
0.515625 {'L0': 0.9948577880859375, 'L1': 0.0063078152015805244, 'L2': 1.522735328762792e-05, 'L_inf': 0.007843151688575745, 'Z': 0.0}

dataset: cifar10 model_name: inception_v3 attack_method: mifgsm eps: 0.01568627450980392
0.640625 {'L0': 0.9947866201400757, 'L1': 0.01138415839523077, 'L2': 2.8214923077030107e-05, 'L_inf': 0.01568630337715149, 'Z': 0.0}

dataset: cifar10 model_name: inception_v3 attack_method: mifgsm eps: 0.03137254901960784
0.71875 {'L0': 0.9952291250228882, 'L1': 0.02061634510755539, 'L2': 5.2071445679757744e-05, 'L_inf': 0.03137260675430298, 'Z': 0.0}

dataset: cifar10 model_name: inception_v3 attack_method: mifgsm eps: 0.06274509803921569
0.828125 {'L0': 0.9954274892807007, 'L1': 0.03908812627196312, 'L2': 9.97438546619378e-05, 'L_inf': 0.06274521350860596, 'Z': 0.0}

dataset: cifar10 model_name: inception_v3 attack_method: multiattack eps: 0.00392156862745098
0.4375 {'L0': 0.4334564208984375, 'L1': 0.0012986004585400224, 'L2': 4.801947852683952e-06, 'L_inf': 0.003921598196029663, 'Z': 0.0}

dataset: cifar10 model_name: inception_v3 attack_method: multiattack eps: 0.00784313725490196
0.625 {'L0': 0.616790771484375, 'L1': 0.003237237688153982, 'L2': 1.0340305379941128e-05, 'L_inf': 0.007843166589736938, 'Z': 0.0}

dataset: cifar10 model_name: inception_v3 attack_method: multiattack eps: 0.01568627450980392
0.78125 {'L0': 0.7641093134880066, 'L1': 0.007233276963233948, 'L2': 2.111625326506328e-05, 'L_inf': 0.01568630337715149, 'Z': 0.0}

dataset: cifar10 model_name: inception_v3 attack_method: multiattack eps: 0.03137254901960784
0.9375 {'L0': 0.920166015625, 'L1': 0.016539718955755234, 'L2': 4.447578976396471e-05, 'L_inf': 0.03137257695198059, 'Z': 0.0}

dataset: cifar10 model_name: inception_v3 attack_method: multiattack eps: 0.06274509803921569
1.0 {'L0': 0.98419189453125, 'L1': 0.034340258687734604, 'L2': 8.981552673503757e-05, 'L_inf': 0.0627451241016388, 'Z': 0.0}

dataset: cifar10 model_name: inception_v3 attack_method: zoo eps: 0.00392156862745098
0.21875 {'L0': 0.00966390036046505, 'L1': 0.0009623197256587446, 'L2': 2.2193806216819212e-05, 'L_inf': 0.19999992847442627, 'Z': 0.0}

dataset: cifar10 model_name: inception_v3 attack_method: zoo eps: 0.00784313725490196
0.234375 {'L0': 0.00932820700109005, 'L1': 0.0009272245224565268, 'L2': 2.175229565182235e-05, 'L_inf': 0.19999998807907104, 'Z': 0.0}

dataset: cifar10 model_name: inception_v3 attack_method: zoo eps: 0.01568627450980392
0.21875 {'L0': 0.00967915914952755, 'L1': 0.0009674059692770243, 'L2': 2.226363358204253e-05, 'L_inf': 0.19999998807907104, 'Z': 0.0}

dataset: cifar10 model_name: inception_v3 attack_method: zoo eps: 0.03137254901960784
0.234375 {'L0': 0.009735107421875, 'L1': 0.000971983652561903, 'L2': 2.2304266167338938e-05, 'L_inf': 0.19999992847442627, 'Z': 0.0}

dataset: cifar10 model_name: inception_v3 attack_method: zoo eps: 0.06274509803921569
0.25 {'L0': 0.00957234762609005, 'L1': 0.0009521471802145243, 'L2': 2.2041747797629796e-05, 'L_inf': 0.19999994337558746, 'Z': 0.0}

dataset: imagenet model_name: vgg16 attack_method: fgsm eps: 0.00392156862745098
1.0 {'L0': 0.9905072450637817, 'L1': 0.003875803668051958, 'L2': 1.25563565234188e-06, 'L_inf': 0.003921598196029663, 'Z': 0.0}

dataset: imagenet model_name: vgg16 attack_method: fgsm eps: 0.00784313725490196
1.0 {'L0': 0.9905072450637817, 'L1': 0.007734190672636032, 'L2': 2.507466660972568e-06, 'L_inf': 0.007843166589736938, 'Z': 0.0}

dataset: imagenet model_name: vgg16 attack_method: fgsm eps: 0.01568627450980392
0.984375 {'L0': 0.9905072450637817, 'L1': 0.015400764532387257, 'L2': 5.000336386729032e-06, 'L_inf': 0.01568630337715149, 'Z': 0.0}

dataset: imagenet model_name: vgg16 attack_method: fgsm eps: 0.03137254901960784
1.0 {'L0': 0.9905072450637817, 'L1': 0.030545545741915703, 'L2': 9.9455446616048e-06, 'L_inf': 0.03137257695198059, 'Z': 0.0}

dataset: imagenet model_name: vgg16 attack_method: fgsm eps: 0.06274509803921569
1.0 {'L0': 0.9905072450637817, 'L1': 0.060117609798908234, 'L2': 1.968077413039282e-05, 'L_inf': 0.0627451241016388, 'Z': 0.0}

dataset: imagenet model_name: vgg16 attack_method: deepfool eps: 0.00392156862745098
0.828125 {'L0': 0.0, 'L1': 0.0, 'L2': 0.0, 'L_inf': 1.1754943508222875e-38, 'Z': 0.0}

dataset: imagenet model_name: vgg16 attack_method: deepfool eps: 0.00784313725490196
0.828125 {'L0': 0.0, 'L1': 0.0, 'L2': 0.0, 'L_inf': 1.1754943508222875e-38, 'Z': 0.0}

dataset: imagenet model_name: vgg16 attack_method: deepfool eps: 0.01568627450980392
0.828125 {'L0': 0.0, 'L1': 0.0, 'L2': 0.0, 'L_inf': 1.1754943508222875e-38, 'Z': 0.0}

dataset: imagenet model_name: vgg16 attack_method: deepfool eps: 0.03137254901960784
0.828125 {'L0': 0.0, 'L1': 0.0, 'L2': 0.0, 'L_inf': 1.1754943508222875e-38, 'Z': 0.0}

dataset: imagenet model_name: vgg16 attack_method: deepfool eps: 0.06274509803921569
0.828125 {'L0': 0.0, 'L1': 0.0, 'L2': 0.0, 'L_inf': 1.1754943508222875e-38, 'Z': 0.0}

dataset: imagenet model_name: vgg16 attack_method: bim eps: 0.00392156862745098
1.0 {'L0': 0.993989884853363, 'L1': 0.0034698767121881247, 'L2': 1.3183067721911357e-06, 'L_inf': 0.006862848997116089, 'Z': 0.0}

dataset: imagenet model_name: vgg16 attack_method: bim eps: 0.00784313725490196
1.0 {'L0': 0.9943829774856567, 'L1': 0.005702093243598938, 'L2': 2.215846507169772e-06, 'L_inf': 0.013725697994232178, 'Z': 0.0}

dataset: imagenet model_name: vgg16 attack_method: bim eps: 0.01568627450980392
1.0 {'L0': 0.9945276975631714, 'L1': 0.009623485617339611, 'L2': 3.7753229662484955e-06, 'L_inf': 0.027451008558273315, 'Z': 0.0}

dataset: imagenet model_name: vgg16 attack_method: bim eps: 0.03137254901960784
1.0 {'L0': 0.9946305751800537, 'L1': 0.017406310886144638, 'L2': 6.8366157393029425e-06, 'L_inf': 0.05490198731422424, 'Z': 0.0}

dataset: imagenet model_name: vgg16 attack_method: bim eps: 0.06274509803921569
1.0 {'L0': 0.9946830868721008, 'L1': 0.03313106298446655, 'L2': 1.3020235201111063e-05, 'L_inf': 0.1098039448261261, 'Z': 0.0}

dataset: imagenet model_name: vgg16 attack_method: cw eps: 0.00392156862745098
1.0 {'L0': 0.8481301069259644, 'L1': 0.0028153660241514444, 'L2': 2.218313511548331e-06, 'L_inf': 0.07146281003952026, 'Z': 0.0}

dataset: imagenet model_name: vgg16 attack_method: cw eps: 0.00784313725490196
0.953125 {'L0': 0.848092794418335, 'L1': 0.0028810962103307247, 'L2': 2.238265324194799e-06, 'L_inf': 0.07984891533851624, 'Z': 0.0}

dataset: imagenet model_name: vgg16 attack_method: cw eps: 0.01568627450980392
0.96875 {'L0': 0.8481533527374268, 'L1': 0.0028581947553902864, 'L2': 2.223749106633477e-06, 'L_inf': 0.07546013593673706, 'Z': 0.0}

dataset: imagenet model_name: vgg16 attack_method: cw eps: 0.03137254901960784
1.0 {'L0': 0.8481056690216064, 'L1': 0.002878792816773057, 'L2': 2.2288541003945284e-06, 'L_inf': 0.07628744840621948, 'Z': 0.0}

dataset: imagenet model_name: vgg16 attack_method: cw eps: 0.06274509803921569
1.0 {'L0': 0.8482170701026917, 'L1': 0.002977088326588273, 'L2': 2.2638769223704003e-06, 'L_inf': 0.0834997296333313, 'Z': 0.0}

dataset: imagenet model_name: vgg16 attack_method: rfgsm eps: 0.00392156862745098
0.9375 {'L0': 0.5042545199394226, 'L1': 0.0019489190308377147, 'L2': 8.891462357496493e-07, 'L_inf': 0.003921627998352051, 'Z': 0.0}

dataset: imagenet model_name: vgg16 attack_method: rfgsm eps: 0.00784313725490196
0.96875 {'L0': 0.5076310634613037, 'L1': 0.003891141153872013, 'L2': 1.7757731711753877e-06, 'L_inf': 0.007843166589736938, 'Z': 0.0}

dataset: imagenet model_name: vgg16 attack_method: rfgsm eps: 0.01568627450980392
1.0 {'L0': 0.5144712328910828, 'L1': 0.0077643683180212975, 'L2': 3.543605089362245e-06, 'L_inf': 0.01568630337715149, 'Z': 0.0}

dataset: imagenet model_name: vgg16 attack_method: rfgsm eps: 0.03137254901960784
1.0 {'L0': 0.5258485674858093, 'L1': 0.015434573404490948, 'L2': 7.050842668832047e-06, 'L_inf': 0.03137257695198059, 'Z': 0.0}

dataset: imagenet model_name: vgg16 attack_method: rfgsm eps: 0.06274509803921569
1.0 {'L0': 0.5460093021392822, 'L1': 0.030523423105478287, 'L2': 1.3966769074613694e-05, 'L_inf': 0.0627451241016388, 'Z': 0.0}

dataset: imagenet model_name: vgg16 attack_method: pgd eps: 0.00392156862745098
1.0 {'L0': 0.9937918186187744, 'L1': 0.0027374012861400843, 'L2': 9.688054660728085e-07, 'L_inf': 0.003921598196029663, 'Z': 0.0}

dataset: imagenet model_name: vgg16 attack_method: pgd eps: 0.00784313725490196
1.0 {'L0': 0.9942261576652527, 'L1': 0.004820331931114197, 'L2': 1.7473222442276892e-06, 'L_inf': 0.007843166589736938, 'Z': 0.0}

dataset: imagenet model_name: vgg16 attack_method: pgd eps: 0.01568627450980392
1.0 {'L0': 0.9943986535072327, 'L1': 0.00856403075158596, 'L2': 3.1617062177247135e-06, 'L_inf': 0.01568630337715149, 'Z': 0.0}

dataset: imagenet model_name: vgg16 attack_method: pgd eps: 0.03137254901960784
1.0 {'L0': 0.9945542812347412, 'L1': 0.015889910981059074, 'L2': 5.9214889915892854e-06, 'L_inf': 0.03137257695198059, 'Z': 0.0}

dataset: imagenet model_name: vgg16 attack_method: pgd eps: 0.06274509803921569
1.0 {'L0': 0.9946474432945251, 'L1': 0.030546115711331367, 'L2': 1.1440790331107564e-05, 'L_inf': 0.0627451241016388, 'Z': 0.0}

dataset: imagenet model_name: vgg16 attack_method: ffgsm eps: 0.00392156862745098
0.984375 {'L0': 0.9905086755752563, 'L1': 0.003637213259935379, 'L2': 1.1894260296685388e-06, 'L_inf': 0.003921598196029663, 'Z': 0.0}

dataset: imagenet model_name: vgg16 attack_method: ffgsm eps: 0.00784313725490196
0.984375 {'L0': 0.9905064105987549, 'L1': 0.0072601474821567535, 'L2': 2.375749090788304e-06, 'L_inf': 0.007843166589736938, 'Z': 0.0}

dataset: imagenet model_name: vgg16 attack_method: ffgsm eps: 0.01568627450980392
1.0 {'L0': 0.9904868006706238, 'L1': 0.01446529570966959, 'L2': 4.739732958114473e-06, 'L_inf': 0.01568630337715149, 'Z': 0.0}

dataset: imagenet model_name: vgg16 attack_method: ffgsm eps: 0.03137254901960784
1.0 {'L0': 0.9905292391777039, 'L1': 0.02872413769364357, 'L2': 9.435348147235345e-06, 'L_inf': 0.03137257695198059, 'Z': 0.0}

dataset: imagenet model_name: vgg16 attack_method: ffgsm eps: 0.06274509803921569
1.0 {'L0': 0.9905107617378235, 'L1': 0.05665779113769531, 'L2': 1.8702110537560657e-05, 'L_inf': 0.0627451241016388, 'Z': 0.0}

